<?xml version="1.0" encoding="UTF-8"?>
<!-- Generated by org.testng.reporters.JUnitReportReporter -->
<testsuite hostname="DESKTOP-7HJ0FFF" failures="0" tests="1" name="abc.amazon" time="19.914" errors="0" timestamp="2023-03-14T16:17:44 IST" skipped="0">
  <testcase classname="abc.amazon" name="tests" time="19.914"/>
  <system-out/>
</testsuite> <!-- abc.amazon -->
